[92:42:45.599904604] [23912]  INFO IPAManager ipa_manager.cpp:147 libcamera is not installed. Adding '/data/data/com.termux/files/home/libcamera1/build/src/ipa' to the IPA search path
[92:42:45.600471948] [23912]  INFO Camera camera_manager.cpp:343 libcamera v0.7.0+582-7e256370-dirty (2026-04-25T19:48:04HKT)
[92:42:45.601917104] [23913]  WARN DeviceEnumerator device_enumerator_sysfs.cpp:87 Device node /dev/media0 should exist but doesn't
DEBUG match() called
DEBUG match(): creating camera data
[92:42:45.602413667] [23913]  INFO SoftISPPipeline SoftISPCamera_constructor.cpp:7 SoftISPCameraData created
DEBUG match(): data=0xb4000075ffc9ea50
[92:42:45.602565438] [23913]  INFO SoftISPPipeline SoftISPCamera_init.cpp:8 Initializing SoftISPCameraData
[92:42:45.602700229] [23913]  INFO SoftISPPipeline SoftISPCamera_init.cpp:20 VirtualCamera instance created (Thread-based, independent)
DEBUG match(): calling Camera::create() with 1 stream(s)
DEBUG match(): stream address: 0xb4000075cfc9b630
DEBUG match(): camera=0xb40000752fcb2d90
DEBUG match(): calling registerCamera()
[92:42:45.603168407] [23913]  INFO Camera camera_manager.cpp:226 Adding camera 'softisp_virtual' for pipeline handler softisp
DEBUG match(): returning true
DEBUG match() called
DEBUG match(): already created, returning false
[92:42:45.603450386] [23913]  INFO SoftISPPipeline PipelineSoftISP_destructor.cpp:8 Destroying PipelineHandlerSoftISP
Camera 0 not found
Failed to create camera session
