[92:39:26.916205670] [23148]  INFO IPAManager ipa_manager.cpp:147 libcamera is not installed. Adding '/data/data/com.termux/files/home/libcamera1/build/src/ipa' to the IPA search path
[92:39:26.916678639] [23148]  INFO Camera camera_manager.cpp:343 libcamera v0.7.0+582-7e256370-dirty (2026-04-25T19:45:43HKT)
[92:39:26.917430982] [23149]  WARN DeviceEnumerator device_enumerator_sysfs.cpp:87 Device node /dev/media0 should exist but doesn't
DEBUG match() called
DEBUG match(): creating camera data
[92:39:26.917769472] [23149]  INFO SoftISPPipeline SoftISPCamera_constructor.cpp:7 SoftISPCameraData created
DEBUG match(): data=0xb400007755192590
[92:39:26.917842597] [23149]  INFO SoftISPPipeline SoftISPCamera_init.cpp:8 Initializing SoftISPCameraData
[92:39:26.917902336] [23149]  INFO SoftISPPipeline SoftISPCamera_init.cpp:20 VirtualCamera instance created (Thread-based, independent)
DEBUG match(): calling Camera::create() with 1 stream(s)
DEBUG match(): stream address: 0xb4000077b5190780
DEBUG match(): camera=0xb4000077351b2210
DEBUG match(): calling registerCamera()
[92:39:26.918135305] [23149]  INFO Camera camera_manager.cpp:226 Adding camera 'softisp_virtual' for pipeline handler softisp
DEBUG match(): returning true
DEBUG match() called
DEBUG match(): already created, returning false
[92:39:26.918279368] [23149]  INFO SoftISPPipeline PipelineSoftISP_destructor.cpp:6 Destroying PipelineHandlerSoftISP
Camera 0 not found
Failed to create camera session
