[92:40:00.698059147] [23381]  INFO IPAManager ipa_manager.cpp:147 libcamera is not installed. Adding '/data/data/com.termux/files/home/libcamera1/build/src/ipa' to the IPA search path
[92:40:00.698543417] [23381]  INFO Camera camera_manager.cpp:343 libcamera v0.7.0+582-7e256370-dirty (2026-04-25T19:46:34HKT)
[92:40:00.699653730] [23382]  WARN DeviceEnumerator device_enumerator_sysfs.cpp:87 Device node /dev/media0 should exist but doesn't
DEBUG match() called
DEBUG match(): creating camera data
[92:40:00.699784199] [23382]  INFO SoftISPPipeline SoftISPCamera_constructor.cpp:7 SoftISPCameraData created
DEBUG match(): data=0xb4000070b0e675f0
[92:40:00.699807272] [23382]  INFO SoftISPPipeline SoftISPCamera_init.cpp:8 Initializing SoftISPCameraData
[92:40:00.699827636] [23382]  INFO SoftISPPipeline SoftISPCamera_init.cpp:20 VirtualCamera instance created (Thread-based, independent)
DEBUG match(): calling Camera::create() with 1 stream(s)
DEBUG match(): stream address: 0xb400006ee0e61be0
DEBUG match(): camera=0xb400006fc0e83610
DEBUG match(): calling registerCamera()
[92:40:00.699888990] [23382]  INFO Camera camera_manager.cpp:226 Adding camera 'softisp_virtual' for pipeline handler softisp
DEBUG match(): returning true
DEBUG match() called
DEBUG match(): already created, returning false
[92:40:00.699915032] [23382]  INFO SoftISPPipeline PipelineSoftISP_destructor.cpp:8 Destroying PipelineHandlerSoftISP
Camera 0 not found
Failed to create camera session
