[90:49:09.804178298] [20417]  INFO IPAManager ipa_manager.cpp:147 libcamera is not installed. Adding '/data/data/com.termux/files/home/libcamera1/build/src/ipa' to the IPA search path
[90:49:09.804581059] [20417]  INFO Camera camera_manager.cpp:343 libcamera v0.7.0+570-7adc16ce-dirty (2026-04-25T15:26:32HKT)
[90:49:09.805908350] [20418]  WARN DeviceEnumerator device_enumerator_sysfs.cpp:87 Device node /dev/media0 should exist but doesn't
DEBUG match() called
DEBUG match(): creating camera data
[90:49:09.806310225] [20418]  INFO SoftISPPipeline SoftISPCamera_constructor.cpp:7 SoftISPCameraData created
DEBUG match(): data=0xb4000079523b69e0
[90:49:09.806424548] [20418]  INFO SoftISPPipeline SoftISPCamera_init.cpp:8 Initializing SoftISPCameraData
[90:49:09.806530434] [20418]  INFO VirtualCamera virtual_camera.cpp:35 Virtual camera initialized: 1920x1080
[90:49:09.806606684] [20418]  INFO SoftISPPipeline SoftISPCamera_init.cpp:23 VirtualCamera initialized (waiting for start())
DEBUG match(): calling Camera::create() with 1 stream(s)
DEBUG match(): stream address: 0xb4000079d23b8da0
DEBUG match(): camera=0xb400007af23d5150
DEBUG match(): calling registerCamera()
[90:49:09.806907048] [20418]  INFO Camera camera_manager.cpp:226 Adding camera 'softisp_virtual' for pipeline handler softisp
DEBUG match(): returning true
DEBUG match() called
DEBUG match(): already created, returning false
[90:49:09.807052048] [20418]  INFO SoftISPPipeline PipelineSoftISP_destructor.cpp:6 Destroying PipelineHandlerSoftISP
DEBUG PipelineHandler::generateConfiguration called
DEBUG camera=0xb400007af23d5150
DEBUG data=0xb4000079523b69e0
DEBUG delegating to data->generateConfiguration()
DEBUG generateConfiguration: roles.size()=1
DEBUG generateConfiguration: initialStream_ address: 0xb4000079d23b8da0
DEBUG generateConfiguration: config created
DEBUG generateConfiguration: role=3
DEBUG generateConfiguration: 1920x1080, buffers=4
DEBUG generateConfiguration: cfg.stream()=0xb4000079d23b8da0
DEBUG generateConfiguration: added stream, config->size()=1
DEBUG generateConfiguration: validate() returned 0
DEBUG generateConfiguration: SUCCESS, returning config with size=1
DEBUG: config=not null, config->size()=1, rolesIt.size()=1
Using camera softisp_virtual as cam0
[90:49:09.807897569] [20417]  INFO Camera camera.cpp:1216 configuring streams: (0) 1920x1080-SBGGR10/Rec709
[90:49:09.807981319] [20418]  INFO SoftISPPipeline SoftISPCamera_configure.cpp:8 === configure() called ===
[90:49:09.808029913] [20418]  INFO SoftISPPipeline SoftISPCamera_configure.cpp:9 Configuring camera with 1 streams
[90:49:09.808055590] [20418]  INFO SoftISPPipeline SoftISPCamera_configure.cpp:27 Configuration validated
[90:49:09.808066632] [20418]  INFO SoftISPPipeline SoftISPCamera_configure.cpp:33 Stream 0 initialStream_ address: 0xb4000079d23b8da0
[90:49:09.808078246] [20418]  INFO SoftISPPipeline SoftISPCamera_configure.cpp:38 Stream 0 cfg.stream() address: 0xb4000079d23b8da0
[90:49:09.808095069] [20418]  INFO SoftISPPipeline SoftISPCamera_configure.cpp:45 Stream 0: 1920x1080 SBGGR10
[90:49:09.808110225] [20418]  INFO SoftISPPipeline SoftISPCamera_configure.cpp:48 Camera configuration applied successfully
[90:49:09.808205538] [20418]  INFO SoftISPPipeline SoftISPCamera_exportFrameBuffers.cpp:11 === exportFrameBuffers() called ===
[90:49:09.808252413] [20418]  INFO SoftISPPipeline SoftISPCamera_exportFrameBuffers.cpp:12 Stream pointer: 0xb4000079d23b8da0
[90:49:09.808266527] [20418]  INFO SoftISPPipeline SoftISPCamera_exportFrameBuffers.cpp:13 Buffers pointer: 0xb4000079823b8448
[90:49:09.808275798] [20418]  INFO SoftISPPipeline SoftISPCamera_exportFrameBuffers.cpp:14 virtualCamera_ pointer: 0xb400007a723b2eb0
[90:49:09.808285121] [20418]  INFO SoftISPPipeline SoftISPCamera_exportFrameBuffers.cpp:26 Checks passed, proceeding with buffer creation
[90:49:09.808307882] [20418]  INFO SoftISPPipeline SoftISPCamera_exportFrameBuffers.cpp:36 Creating 4 buffers of size 2592000 for 1920x1080
[90:49:09.808439236] [20418]  INFO SoftISPPipeline SoftISPCamera_exportFrameBuffers.cpp:83 Successfully exported 4 frame buffers
[90:49:09.808592257] [20418]  INFO SoftISPPipeline SoftISPCamera_start.cpp:6 Starting camera
[90:49:09.808736423] [20418]  INFO VirtualCamera virtual_camera.cpp:47 Virtual camera started
[90:49:09.808768402] [20418]  INFO SoftISPPipeline SoftISPCamera_start.cpp:15 VirtualCamera started
cam0: Capture 2 frames
[90:49:09.808947048] [20418]  INFO SoftISPPipeline SoftISPCamera_queueRequest.cpp:8 Queueing request
[90:49:09.809037152] [20419]  INFO VirtualCamera virtual_camera.cpp:119 Generated frame 1 (Bayer10 RGGB 1920x1080)
[90:49:09.809043767] [20418]  INFO SoftISPPipeline SoftISPCamera_queueRequest.cpp:8 Queueing request
[90:49:09.856674704] [20419]  INFO SoftISPPipeline SoftISPCamera_frameDone.cpp:8 Frame done: frameId=1, bufferId=10
[90:49:09.856764861] [20419]  WARN SoftISPPipeline SoftISPCamera_frameDone.cpp:13 Buffer not found for ID 10
[90:49:09.890181007] [20419]  INFO VirtualCamera virtual_camera.cpp:119 Generated frame 2 (Bayer10 RGGB 1920x1080)
[90:49:09.938704861] [20419]  INFO SoftISPPipeline SoftISPCamera_frameDone.cpp:8 Frame done: frameId=1, bufferId=12
[90:49:09.938837100] [20419]  WARN SoftISPPipeline SoftISPCamera_frameDone.cpp:13 Buffer not found for ID 12
